INFO:__main__:Experiment initialized
INFO:__main__:frame_count: 1
total_time: 0.03333333333333333
metrics: [359.69342110608136]
INFO:__main__:frame_count: 100
total_time: 1.6833333333333322
metrics: [359.831007554433]
INFO:__main__:frame_count: 1000
total_time: 16.683333333333668
metrics: [410.33122916983604]
INFO:__main__:frame_count: 5000
total_time: 83.34999999999656
metrics: [434.1107615149552]
INFO:__main__:Experiment initialized
INFO:__main__:frame_count: 1
total_time: 0.03333333333333333
metrics: [372.5539494079713]
INFO:__main__:frame_count: 100
total_time: 1.6833333333333322
metrics: [380.1703621306111]
INFO:__main__:frame_count: 1000
total_time: 16.683333333333668
metrics: [405.28121735636824]
INFO:__main__:frame_count: 5000
total_time: 83.34999999999656
metrics: [402.6499647787191]
INFO:__main__:Experiment initialized
INFO:__main__:frame_count: 1
total_time: 0.03333333333333333
metrics: [304.88969141981113]
INFO:__main__:frame_count: 100
total_time: 1.6833333333333322
metrics: [309.7853958824927]
INFO:__main__:frame_count: 1000
total_time: 16.683333333333668
metrics: [349.3081256232482]
INFO:__main__:Experiment initialized
INFO:__main__:frame_count: 1
total_time: 0.03333333333333333
metrics: [353.0250977573681]
INFO:__main__:frame_count: 100
total_time: 1.6833333333333322
metrics: [356.9576329274445]
INFO:__main__:frame_count: 1000
total_time: 16.683333333333668
metrics: [399.20682313181544]
INFO:__main__:frame_count: 5000
total_time: 83.34999999999656
metrics: [431.3083269351631]
INFO:__main__:Experiment initialized
INFO:__main__:frame_count: 1
total_time: 0.03333333333333333
metrics: [334.8237348190976]
INFO:__main__:frame_count: 100
total_time: 1.6833333333333322
metrics: [340.5945735029739]
INFO:__main__:frame_count: 1000
total_time: 16.683333333333668
metrics: [386.1422928856492]
INFO:__main__:frame_count: 5000
total_time: 83.34999999999656
metrics: [422.78580601755493]
INFO:__main__:Experiment initialized
INFO:__main__:frame_count: 1
total_time: 0.03333333333333333
metrics: [355.89069363490927]
INFO:__main__:frame_count: 100
total_time: 1.6833333333333322
metrics: [360.9373155265617]
INFO:__main__:frame_count: 1000
total_time: 16.683333333333668
metrics: [411.34689003922415]
INFO:__main__:frame_count: 5000
total_time: 83.34999999999656
metrics: [427.9091088163853]
INFO:__main__:Experiment initialized
INFO:__main__:frame_count: 1
total_time: 0.03333333333333333
metrics: [380.289227771685]
INFO:__main__:frame_count: 100
total_time: 1.6833333333333322
metrics: [383.2579685960431]
INFO:__main__:frame_count: 1000
total_time: 16.683333333333668
metrics: [407.35026794261586]
INFO:__main__:Experiment initialized
INFO:__main__:frame_count: 1
total_time: 0.03333333333333333
metrics: [405.1860266920767]
INFO:__main__:frame_count: 100
total_time: 1.6833333333333322
metrics: [400.0023202520242]
INFO:__main__:frame_count: 1000
total_time: 16.683333333333668
metrics: [425.95309871134975]
INFO:__main__:Experiment initialized
INFO:__main__:frame_count: 1
total_time: 0.03333333333333333
metrics: [370.6014257306838]
INFO:__main__:frame_count: 100
total_time: 1.6833333333333322
metrics: [368.7869411640353]
INFO:__main__:frame_count: 1000
total_time: 16.683333333333668
metrics: [388.26031611754985]
INFO:__main__:frame_count: 5000
total_time: 83.34999999999656
metrics: [425.469372240431]
INFO:__main__:Experiment initialized
INFO:__main__:frame_count: 1
total_time: 0.03333333333333333
metrics: [397.2361581372237]
INFO:__main__:frame_count: 100
total_time: 1.6833333333333322
metrics: [398.29870633541447]
INFO:__main__:frame_count: 1000
total_time: 16.683333333333668
metrics: [419.3373081100982]
INFO:__main__:frame_count: 5000
total_time: 83.34999999999656
metrics: [426.865029035854]
INFO:__main__:Experiment initialized
INFO:__main__:frame_count: 1
total_time: 0.03333333333333333
metrics: [360.4547191133173]
INFO:__main__:Experiment initialized
INFO:__main__:frame_count: 1
total_time: 0.03333333333333333
metrics: [399.96797550017783]
INFO:__main__:frame_count: 100
total_time: 1.6833333333333322
metrics: [401.34322086840564]
INFO:__main__:frame_count: 1000
total_time: 16.683333333333668
metrics: [410.4969409727766]
INFO:__main__:frame_count: 5000
total_time: 83.34999999999656
metrics: [436.4355428226818]
INFO:__main__:Experiment initialized
INFO:__main__:frame_count: 1
total_time: 0.03333333333333333
metrics: [322.7624421112016]
INFO:__main__:frame_count: 100
total_time: 1.6833333333333322
metrics: [327.1720055357662]
INFO:__main__:frame_count: 1000
total_time: 16.683333333333668
metrics: [368.43607154275935]
INFO:__main__:frame_count: 5000
total_time: 83.34999999999656
metrics: [430.34755877111854]
INFO:__main__:Experiment initialized
INFO:__main__:Experiment initialized
INFO:__main__:frame_count: 1
total_time: 0.03333333333333333
metrics: [351.30866887073654]
INFO:__main__:frame_count: 100
total_time: 1.6833333333333322
metrics: [352.4410733077055]
INFO:__main__:frame_count: 1000
total_time: 16.683333333333668
metrics: [429.32708534006895]
INFO:__main__:frame_count: 5000
total_time: 83.34999999999656
metrics: [465.74901203018305]
INFO:__main__:Experiment initialized
INFO:__main__:frame_count: 1
total_time: 0.03333333333333333
metrics: [334.7918483949421]
INFO:__main__:frame_count: 100
total_time: 1.6833333333333322
metrics: [339.39817097527765]
INFO:__main__:frame_count: 1000
total_time: 16.683333333333668
metrics: [437.0258033775725]
INFO:__main__:frame_count: 5000
total_time: 83.34999999999656
metrics: [460.4004743808937]
INFO:__main__:Experiment initialized
INFO:__main__:frame_count: 1
total_time: 0.03333333333333333
metrics: [343.37939405636223]
INFO:__main__:frame_count: 100
total_time: 1.6833333333333322
metrics: [345.16604826753985]
INFO:__main__:frame_count: 1000
total_time: 16.683333333333668
metrics: [388.52360593972213]
INFO:__main__:frame_count: 5000
total_time: 83.34999999999656
metrics: [500.8875509681414]
INFO:__main__:Experiment initialized
INFO:__main__:frame_count: 1
total_time: 0.03333333333333333
metrics: [362.592956050221]
INFO:__main__:frame_count: 100
total_time: 1.6833333333333322
metrics: [363.72665481203194]
INFO:__main__:frame_count: 1000
total_time: 16.683333333333668
metrics: [411.81379160559527]
INFO:__main__:frame_count: 5000
total_time: 83.34999999999656
metrics: [443.97416572545245]
INFO:__main__:Experiment initialized
INFO:__main__:frame_count: 1
total_time: 0.03333333333333333
metrics: [336.9718430284835]
INFO:__main__:frame_count: 100
total_time: 1.6833333333333322
metrics: [338.02858182077136]
INFO:__main__:frame_count: 1000
total_time: 16.683333333333668
metrics: [371.50282046791915]
INFO:__main__:frame_count: 5000
total_time: 83.34999999999656
metrics: [434.9991151652938]
INFO:__main__:Experiment initialized
INFO:__main__:frame_count: 1
total_time: 0.03333333333333333
metrics: [346.54723533193476]
INFO:__main__:frame_count: 100
total_time: 1.6833333333333322
metrics: [347.64212163372594]
INFO:__main__:frame_count: 1000
total_time: 16.683333333333668
metrics: [379.82268618768535]
INFO:__main__:frame_count: 5000
total_time: 83.34999999999656
metrics: [430.84169252542745]
INFO:__main__:Experiment initialized
INFO:__main__:frame_count: 1
total_time: 0.03333333333333333
metrics: [385.2351680835019]
INFO:__main__:frame_count: 100
total_time: 1.6833333333333322
metrics: [388.8691781771905]
INFO:__main__:frame_count: 1000
total_time: 16.683333333333668
metrics: [415.6811878427009]
INFO:__main__:frame_count: 5000
total_time: 83.34999999999656
metrics: [429.81146401887617]
INFO:__main__:Experiment initialized
INFO:__main__:Experiment initialized
INFO:__main__:frame_count: 1
total_time: 0.03333333333333333
metrics: [361.84265467406647]
INFO:__main__:frame_count: 100
total_time: 1.6833333333333322
metrics: [364.4225010555221]
INFO:__main__:frame_count: 1000
total_time: 16.683333333333668
metrics: [397.71723972928396]
INFO:__main__:frame_count: 5000
total_time: 83.34999999999656
metrics: [463.7792010028984]
INFO:__main__:Experiment initialized
INFO:__main__:frame_count: 1
total_time: 0.03333333333333333
metrics: [358.62164436407204]
INFO:__main__:frame_count: 100
total_time: 1.6833333333333322
metrics: [363.0136104414843]
INFO:__main__:frame_count: 1000
total_time: 16.683333333333668
metrics: [417.7523589766221]
INFO:__main__:frame_count: 5000
total_time: 83.34999999999656
metrics: [472.7226921508748]
INFO:__main__:Experiment initialized
INFO:__main__:frame_count: 1
total_time: 0.03333333333333333
metrics: [289.343391470636]
INFO:__main__:frame_count: 100
total_time: 1.6833333333333322
metrics: [301.04180658697294]
INFO:__main__:frame_count: 1000
total_time: 16.683333333333668
metrics: [410.7612045831482]
INFO:__main__:frame_count: 5000
total_time: 83.34999999999656
metrics: [468.9680183547697]
INFO:__main__:Experiment initialized
INFO:__main__:frame_count: 1
total_time: 0.03333333333333333
metrics: [385.07171093437194]
INFO:__main__:frame_count: 100
total_time: 1.6833333333333322
metrics: [390.21084864114107]
INFO:__main__:frame_count: 1000
total_time: 16.683333333333668
metrics: [433.3509693122278]
INFO:__main__:frame_count: 5000
total_time: 83.34999999999656
metrics: [461.3617434425473]
INFO:__main__:Experiment initialized
INFO:__main__:frame_count: 1
total_time: 0.03333333333333333
metrics: [394.5328218390457]
INFO:__main__:frame_count: 100
total_time: 1.6833333333333322
metrics: [393.6551957022241]
INFO:__main__:frame_count: 1000
total_time: 16.683333333333668
metrics: [411.5366978582153]
INFO:__main__:frame_count: 5000
total_time: 83.34999999999656
metrics: [466.72312146848634]
INFO:__main__:Experiment initialized
INFO:__main__:frame_count: 1
total_time: 0.03333333333333333
metrics: [351.5105135668067]
INFO:__main__:frame_count: 100
total_time: 1.6833333333333322
metrics: [351.9657661945158]
INFO:__main__:frame_count: 1000
total_time: 16.683333333333668
metrics: [388.5526095874076]
INFO:__main__:frame_count: 5000
total_time: 83.34999999999656
metrics: [439.3389796570976]
INFO:__main__:Experiment initialized
INFO:__main__:frame_count: 1
total_time: 0.03333333333333333
metrics: [381.2214962028803]
INFO:__main__:frame_count: 100
total_time: 1.6833333333333322
metrics: [382.3762268989032]
INFO:__main__:frame_count: 1000
total_time: 16.683333333333668
metrics: [401.1018727469192]
INFO:__main__:frame_count: 5000
total_time: 83.34999999999656
metrics: [462.32628277028533]
INFO:__main__:Experiment initialized
INFO:__main__:frame_count: 1
total_time: 0.03333333333333333
metrics: [400.1052072537918]
INFO:__main__:frame_count: 100
total_time: 1.6833333333333322
metrics: [406.0356700578374]
INFO:__main__:frame_count: 1000
total_time: 16.683333333333668
metrics: [426.33747278965467]
INFO:__main__:frame_count: 5000
total_time: 83.34999999999656
metrics: [418.85452062706537]
INFO:__main__:Experiment initialized
INFO:__main__:frame_count: 1
total_time: 0.03333333333333333
metrics: [347.38358573612703]
INFO:__main__:frame_count: 100
total_time: 1.6833333333333322
metrics: [345.3987903352849]
INFO:__main__:frame_count: 1000
total_time: 16.683333333333668
metrics: [386.9342059045681]
INFO:__main__:frame_count: 5000
total_time: 83.34999999999656
metrics: [448.64739451481336]
INFO:__main__:Experiment initialized
INFO:__main__:frame_count: 1
total_time: 0.03333333333333333
metrics: [382.978826023142]
INFO:__main__:frame_count: 100
total_time: 1.6833333333333322
metrics: [379.3750970379036]
INFO:__main__:frame_count: 1000
total_time: 16.683333333333668
metrics: [411.58509969466775]
INFO:__main__:frame_count: 5000
total_time: 83.34999999999656
metrics: [434.1608636153519]
INFO:__main__:Experiment initialized
INFO:__main__:frame_count: 1
total_time: 0.03333333333333333
metrics: [400.1230931821874]
INFO:__main__:frame_count: 100
total_time: 1.6833333333333322
metrics: [398.71933495240916]
INFO:__main__:frame_count: 1000
total_time: 16.683333333333668
metrics: [414.5992484959098]
INFO:__main__:frame_count: 5000
total_time: 83.34999999999656
metrics: [445.27061456736]
n
INFO:__main__:Experiment initialized
INFO:__main__:frame_count: 1
total_time: 0.03333333333333333
metrics: [400.4922317894094]
INFO:__main__:frame_count: 100
total_time: 1.6833333333333322
metrics: [404.95551883807855]
INFO:__main__:frame_count: 1000
total_time: 16.683333333333668
metrics: [421.1308506346542]
INFO:__main__:frame_count: 5000
total_time: 83.34999999999656
metrics: [440.4456314920168]
INFO:__main__:Experiment initialized
INFO:__main__:frame_count: 1
total_time: 0.03333333333333333
metrics: [391.39398759033145]
INFO:__main__:frame_count: 100
total_time: 1.6833333333333322
metrics: [396.40204150311513]
INFO:__main__:frame_count: 1000
total_time: 16.683333333333668
metrics: [439.22522330628533]
INFO:__main__:frame_count: 5000
total_time: 83.34999999999656
metrics: [435.61955988740146]
INFO:__main__:Experiment initialized
INFO:__main__:frame_count: 1
total_time: 0.03333333333333333
metrics: [388.6926049973018]
INFO:__main__:frame_count: 100
total_time: 1.6833333333333322
metrics: [392.7325084983448]
INFO:__main__:frame_count: 1000
total_time: 16.683333333333668
metrics: [412.24233513548995]
INFO:__main__:frame_count: 5000
total_time: 83.34999999999656
metrics: [439.5334565843965]
INFO:__main__:Experiment initialized
INFO:__main__:frame_count: 1
total_time: 0.03333333333333333
metrics: [363.610348737743]
INFO:__main__:frame_count: 100
total_time: 1.6833333333333322
metrics: [370.4716606458311]
INFO:__main__:frame_count: 1000
total_time: 16.683333333333668
metrics: [404.9545475445381]
INFO:__main__:frame_count: 5000
total_time: 83.34999999999656
metrics: [438.73193187005535]
INFO:__main__:Experiment initialized
INFO:__main__:frame_count: 1
total_time: 0.03333333333333333
metrics: [343.6498469957959]
INFO:__main__:frame_count: 100
total_time: 1.6833333333333322
metrics: [346.9896938821998]
INFO:__main__:frame_count: 1000
total_time: 16.683333333333668
metrics: [404.8557192322685]
INFO:__main__:frame_count: 5000
total_time: 83.34999999999656
metrics: [446.78770193393404]
